15:53:16: Creating resource group General
15:53:16: Creating resource group Internal
15:53:16: Creating resource group Autodetect
15:53:16: Registering ResourceManager for type Mesh
15:53:16: Registering ResourceManager for type Skeleton
15:53:16: Registering ResourceManager for type Material
15:53:16: MeshSerializer writing mesh data to stream ...
15:53:16: File header written.
15:53:16: Writing mesh data...
15:53:16: Writing submesh...
15:53:16: Exporting submesh texture aliases...
15:53:16: Submesh texture aliases exported.
15:53:16: Submesh exported.
15:53:16: Writing submesh...
15:53:16: Exporting submesh texture aliases...
15:53:16: Submesh texture aliases exported.
15:53:16: Submesh exported.
15:53:16: Exporting bounds information....
15:53:16: Bounds information exported.
15:53:16: Exporting submesh name table...
15:53:16: Submesh name table exported.
15:53:16: Mesh data exported.
15:53:16: MeshSerializer export successful.
15:53:17: Unregistering ResourceManager for type Material
15:53:17: Unregistering ResourceManager for type Skeleton
15:53:17: Unregistering ResourceManager for type Mesh
