d:\pipetool\showpipewindow\middle\vc140.pdb
d:\pipetool\showpipewindow\middle\showpipewindow.obj
d:\pipetool\showpipewindow\middle\pipeuntility.obj
d:\pipetool\showpipewindow\middle\main.obj
d:\pipetool\showpipewindow\middle\gsgeospace3dqt.obj
d:\pipetool\showpipewindow\middle\moc_showpipewindow.obj
d:\pipetool\showpipewindow\generatedfiles\moc_showpipewindow.cpp
d:\pipetool\showpipewindow\generatedfiles\ui_showpipewindow.h
d:\pipetool\releasex64\showpipewindow.exe
d:\pipetool\releasex64\showpipewindow.ipdb
d:\pipetool\releasex64\showpipewindow.iobj
d:\pipetool\releasex64\showpipewindow.pdb
d:\pipetool\showpipewindow\..\releasex64\showpipewindow.exe
d:\pipetool\showpipewindow\middle\showpipewindow.tlog\cl.command.1.tlog
d:\pipetool\showpipewindow\middle\showpipewindow.tlog\cl.read.1.tlog
d:\pipetool\showpipewindow\middle\showpipewindow.tlog\cl.write.1.tlog
d:\pipetool\showpipewindow\middle\showpipewindow.tlog\custombuild.command.1.tlog
d:\pipetool\showpipewindow\middle\showpipewindow.tlog\custombuild.read.1.tlog
d:\pipetool\showpipewindow\middle\showpipewindow.tlog\custombuild.write.1.tlog
d:\pipetool\showpipewindow\middle\showpipewindow.tlog\link.command.1.tlog
d:\pipetool\showpipewindow\middle\showpipewindow.tlog\link.read.1.tlog
d:\pipetool\showpipewindow\middle\showpipewindow.tlog\link.write.1.tlog
